Linux 3.19.8-ckt22 (localrepo) 	2018年05月30日 	_x86_64_	(8 CPU)

Device:            tps    kB_read/s    kB_wrtn/s    kB_read    kB_wrtn
sda               3.67        26.66        41.60   15657436   24429859
sdd              68.65        24.11       250.57   14158284  147162020
sdc               0.01         0.08         0.01      49160       6296
sdb              18.47        33.13        40.82   19459016   23975912
dm-0              1.32         6.41         3.91    3764689    2297837
dm-1             13.06        18.62        33.62   10937896   19746988
dm-2              0.17         1.61         4.06     945965    2382886
dm-3              0.00         0.00         0.00        520          0

Device:            tps    kB_read/s    kB_wrtn/s    kB_read    kB_wrtn
sda               0.00         0.00         0.00          0          0
sdd               0.00         0.00         0.00          0          0
sdc               0.00         0.00         0.00          0          0
sdb               0.00         0.00         0.00          0          0
dm-0              0.00         0.00         0.00          0          0
dm-1              0.00         0.00         0.00          0          0
dm-2              0.00         0.00         0.00          0          0
dm-3              0.00         0.00         0.00          0          0

Device:            tps    kB_read/s    kB_wrtn/s    kB_read    kB_wrtn
sda               0.00         0.00         0.00          0          0
sdd               0.00         0.00         0.00          0          0
sdc               0.00         0.00         0.00          0          0
sdb               0.00         0.00         0.00          0          0
dm-0              0.00         0.00         0.00          0          0
dm-1              0.00         0.00         0.00          0          0
dm-2              0.00         0.00         0.00          0          0
dm-3              0.00         0.00         0.00          0          0

Device:            tps    kB_read/s    kB_wrtn/s    kB_read    kB_wrtn
sda               0.00         0.00         0.00          0          0
sdd               0.00         0.00         0.00          0          0
sdc               0.00         0.00         0.00          0          0
sdb               0.00         0.00         0.00          0          0
dm-0              0.00         0.00         0.00          0          0
dm-1              0.00         0.00         0.00          0          0
dm-2              0.00         0.00         0.00          0          0
dm-3              0.00         0.00         0.00          0          0

Device:            tps    kB_read/s    kB_wrtn/s    kB_read    kB_wrtn
sda               0.00         0.00         0.00          0          0
sdd               0.00         0.00         0.00          0          0
sdc               0.00         0.00         0.00          0          0
sdb               0.00         0.00         0.00          0          0
dm-0              0.00         0.00         0.00          0          0
dm-1              0.00         0.00         0.00          0          0
dm-2              0.00         0.00         0.00          0          0
dm-3              0.00         0.00         0.00          0          0

Device:            tps    kB_read/s    kB_wrtn/s    kB_read    kB_wrtn
sda               0.00         0.00         0.00          0          0
sdd               0.00         0.00         0.00          0          0
sdc               0.00         0.00         0.00          0          0
sdb               0.00         0.00         0.00          0          0
dm-0              0.00         0.00         0.00          0          0
dm-1              0.00         0.00         0.00          0          0
dm-2              0.00         0.00         0.00          0          0
dm-3              0.00         0.00         0.00          0          0

Device:            tps    kB_read/s    kB_wrtn/s    kB_read    kB_wrtn
sda               0.00         0.00         0.00          0          0
sdd               0.00         0.00         0.00          0          0
sdc               0.00         0.00         0.00          0          0
sdb               0.00         0.00         0.00          0          0
dm-0              0.00         0.00         0.00          0          0
dm-1              0.00         0.00         0.00          0          0
dm-2              0.00         0.00         0.00          0          0
dm-3              0.00         0.00         0.00          0          0

Device:            tps    kB_read/s    kB_wrtn/s    kB_read    kB_wrtn
sda               0.00         0.00         0.00          0          0
sdd               0.00         0.00         0.00          0          0
sdc               0.00         0.00         0.00          0          0
sdb               0.00         0.00         0.00          0          0
dm-0              0.00         0.00         0.00          0          0
dm-1              0.00         0.00         0.00          0          0
dm-2              0.00         0.00         0.00          0          0
dm-3              0.00         0.00         0.00          0          0

Device:            tps    kB_read/s    kB_wrtn/s    kB_read    kB_wrtn
sda               0.00         0.00         0.00          0          0
sdd               0.00         0.00         0.00          0          0
sdc               0.00         0.00         0.00          0          0
sdb               0.00         0.00         0.00          0          0
dm-0              0.00         0.00         0.00          0          0
dm-1              0.00         0.00         0.00          0          0
dm-2              0.00         0.00         0.00          0          0
dm-3              0.00         0.00         0.00          0          0

Device:            tps    kB_read/s    kB_wrtn/s    kB_read    kB_wrtn
sda               0.00         0.00         0.00          0          0
sdd               0.00         0.00         0.00          0          0
sdc               0.00         0.00         0.00          0          0
sdb               0.00         0.00         0.00          0          0
dm-0              0.00         0.00         0.00          0          0
dm-1              0.00         0.00         0.00          0          0
dm-2              0.00         0.00         0.00          0          0
dm-3              0.00         0.00         0.00          0          0

Device:            tps    kB_read/s    kB_wrtn/s    kB_read    kB_wrtn
sda               0.00         0.00         0.00          0          0
sdd               0.00         0.00         0.00          0          0
sdc               0.00         0.00         0.00          0          0
sdb               0.00         0.00         0.00          0          0
dm-0              0.00         0.00         0.00          0          0
dm-1              0.00         0.00         0.00          0          0
dm-2              0.00         0.00         0.00          0          0
dm-3              0.00         0.00         0.00          0          0

Device:            tps    kB_read/s    kB_wrtn/s    kB_read    kB_wrtn
sda               0.00         0.00         0.00          0          0
sdd               0.00         0.00         0.00          0          0
sdc               0.00         0.00         0.00          0          0
sdb               0.00         0.00         0.00          0          0
dm-0              0.00         0.00         0.00          0          0
dm-1              0.00         0.00         0.00          0          0
dm-2              0.00         0.00         0.00          0          0
dm-3              0.00         0.00         0.00          0          0

Device:            tps    kB_read/s    kB_wrtn/s    kB_read    kB_wrtn
sda               0.00         0.00         0.00          0          0
sdd               0.00         0.00         0.00          0          0
sdc               0.00         0.00         0.00          0          0
sdb               0.00         0.00         0.00          0          0
dm-0              0.00         0.00         0.00          0          0
dm-1              0.00         0.00         0.00          0          0
dm-2              0.00         0.00         0.00          0          0
dm-3              0.00         0.00         0.00          0          0

Device:            tps    kB_read/s    kB_wrtn/s    kB_read    kB_wrtn
sda               2.00         0.00         6.00          0          6
sdd               0.00         0.00         0.00          0          0
sdc               0.00         0.00         0.00          0          0
sdb               0.00         0.00         0.00          0          0
dm-0              0.00         0.00         0.00          0          0
dm-1              0.00         0.00         0.00          0          0
dm-2              1.00         0.00         6.00          0          6
dm-3              0.00         0.00         0.00          0          0

